Command line:
   remapping_isim_beh.exe
     -simmode  gui
     -simrunnum  0
     -socket  50177

Fri Nov 02 00:41:55 2018


 Elaboration Time: 0.21875 sec

 Current Memory Usage: 1161.31 Meg

 Total Signals          : 25
 Total Nets             : 47
 Total Signal Drivers   : 7
 Total Blocks           : 2
 Total Primitive Blocks : 2
 Total Processes        : 9
 Total Traceable Variables  : 19
 Total Scalar Nets and Variables : 137
Total Line Count : 23

 Total Simulation Time: 0.28125 sec

 Current Memory Usage: 1162.36 Meg

Fri Nov 02 00:41:57 2018

