INFO:sim:172 - Generating IP...
Resolving generics for 'scratch_ram'...
Applying external generics to 'scratch_ram'...
Delivering associated files for 'scratch_ram'...
Delivering EJava files for 'scratch_ram'...
Generating implementation netlist for 'scratch_ram'...
INFO:sim - Pre-processing HDL files for 'scratch_ram'...
Running synthesis for 'scratch_ram'
Running ngcbuild...
Writing VEO instantiation template for 'scratch_ram'...
Writing Verilog behavioral simulation model for 'scratch_ram'...
WARNING:sim - Overwriting existing file D:/SCHOOL WORK/CECS 460
   Labs/.github/Rx-Engine/ipcore_dir/tmp/_cg/scratch_ram/doc/blk_mem_gen_v7_3_vi
   nfo.html with file from view xilinx_documentation
Delivered 1 file into directory D:/SCHOOL WORK/CECS 460
Labs/.github/Rx-Engine/ipcore_dir/tmp/_cg/scratch_ram
Generating ASY schematic symbol...
INFO:sim:949 - Finished generation of ASY schematic symbol.
Generating SYM schematic symbol for 'scratch_ram'...
Generating metadata file...
Generating ISE project file for 'scratch_ram'...
Generating ISE project...
XCO file found: scratch_ram.xco
XMDF file found: scratch_ram_xmdf.tcl
Adding D:/SCHOOL WORK/CECS 460
Labs/.github/Rx-Engine/ipcore_dir/tmp/_cg/scratch_ram.asy -view all -origin_type
imported
Adding D:/SCHOOL WORK/CECS 460
Labs/.github/Rx-Engine/ipcore_dir/tmp/_cg/scratch_ram.ngc -view all -origin_type
created
Checking file "D:/SCHOOL WORK/CECS 460
Labs/.github/Rx-Engine/ipcore_dir/tmp/_cg/scratch_ram.ngc" for project device
match ...
File "D:/SCHOOL WORK/CECS 460
Labs/.github/Rx-Engine/ipcore_dir/tmp/_cg/scratch_ram.ngc" device information
matches project device.
Adding D:/SCHOOL WORK/CECS 460
Labs/.github/Rx-Engine/ipcore_dir/tmp/_cg/scratch_ram.sym -view all -origin_type
imported
Adding D:/SCHOOL WORK/CECS 460
Labs/.github/Rx-Engine/ipcore_dir/tmp/_cg/scratch_ram.v -view all -origin_type
created
INFO:HDLCompiler:1845 - Analyzing Verilog file "D:/SCHOOL WORK/CECS 460
   Labs/.github/Rx-Engine/ipcore_dir/tmp/_cg/scratch_ram.v" into library work
INFO:ProjectMgmt - Parsing design hierarchy completed successfully.
Adding D:/SCHOOL WORK/CECS 460
Labs/.github/Rx-Engine/ipcore_dir/tmp/_cg/scratch_ram.veo -view all -origin_type
imported
INFO:TclTasksC:2116 - The automatic calculation of top has been turned-off.
   Please set the new top explicitly by running the "project set top" command.
   To re-calculate the new top automatically, set the "Auto Implementation Top"
   property to true.
Top level has been set to "/scratch_ram"
Generating README file...
Generating FLIST file...
INFO:sim:948 - Finished FLIST file generation.
Launching README viewer...
Moving files to output directory...
Finished moving files to output directory
Wrote CGP file for project 'scratch_ram'.
