Command line:
   RX_ENGINE_TB_isim_beh.exe
     -simmode  gui
     -simrunnum  0
     -socket  54772

Wed Nov 21 15:05:57 2018


 Elaboration Time: 0.125 sec

 Current Memory Usage: 1161.66 Meg

 Total Signals          : 46
 Total Nets             : 101
 Total Signal Drivers   : 37
 Total Blocks           : 3
 Total Primitive Blocks : 2
 Total Processes        : 53
 Total Traceable Variables  : 53
 Total Scalar Nets and Variables : 317
Total Line Count : 142

 Total Simulation Time: 0.125 sec

 Current Memory Usage: 1476.76 Meg

Wed Nov 21 15:06:30 2018

