Command line:
   shiftreg_tb_isim_beh.exe
     -simmode  gui
     -simrunnum  0
     -socket  50981

Thu Nov 08 13:13:59 2018


 Elaboration Time: 0.140625 sec

 Current Memory Usage: 1161.71 Meg

 Total Signals          : 18
 Total Nets             : 27
 Total Signal Drivers   : 10
 Total Blocks           : 3
 Total Primitive Blocks : 2
 Total Processes        : 15
 Total Traceable Variables  : 23
 Total Scalar Nets and Variables : 121
Total Line Count : 27

 Total Simulation Time: 0.34375 sec

 Current Memory Usage: 1476.8 Meg

Thu Nov 08 13:14:29 2018

